C:\Users\Public\Documents\Bot_Python\geckodriver\geckodriver.exe: error: Found argument '--websocket-port' which wasn't expected, or isn't valid in this context

USAGE:
    geckodriver.exe [FLAGS] [OPTIONS]

For more information try --help

C:\Users\Public\Documents\geckodriver\geckodriver.exe: error: Found argument '--websocket-port' which wasn't expected, or isn't valid in this context

USAGE:
    geckodriver.exe [FLAGS] [OPTIONS]

For more information try --help

C:\Users\Public\Documents\geckodriver\geckodriver.exe: error: Found argument '--websocket-port' which wasn't expected, or isn't valid in this context

USAGE:
    geckodriver.exe [FLAGS] [OPTIONS]

For more information try --help

C:\Users\Public\Documents\geckodriver\geckodriver.exe: error: Found argument '--websocket-port' which wasn't expected, or isn't valid in this context

USAGE:
    geckodriver.exe [FLAGS] [OPTIONS]

For more information try --help

C:\Users\Public\Documents\geckodriver\geckodriver.exe: error: Found argument '--websocket-port' which wasn't expected, or isn't valid in this context

USAGE:
    geckodriver.exe [FLAGS] [OPTIONS]

For more information try --help

C:\Users\Gustavo Nascimento\Desktop\geckodriver\geckodriver.exe: error: Found argument '--websocket-port' which wasn't expected, or isn't valid in this context

USAGE:
    geckodriver.exe [FLAGS] [OPTIONS]

For more information try --help

C:\Users\Gustavo Nascimento\Desktop\geckodriver\geckodriver.exe: error: Found argument '--websocket-port' which wasn't expected, or isn't valid in this context

USAGE:
    geckodriver.exe [FLAGS] [OPTIONS]

For more information try --help

C:\Users\Gustavo Nascimento\geckodriver\geckodriver.exe: error: Found argument '--websocket-port' which wasn't expected, or isn't valid in this context

USAGE:
    geckodriver.exe [FLAGS] [OPTIONS]

For more information try --help

C:\Users\Gustavo Nascimento\geckodriver\geckodriver.exe: error: Found argument '--websocket-port' which wasn't expected, or isn't valid in this context

USAGE:
    geckodriver.exe [FLAGS] [OPTIONS]

For more information try --help

C:\Users\Gustavo Nascimento\geckodriver\geckodriver.exe: error: Found argument '--websocket-port' which wasn't expected, or isn't valid in this context

USAGE:
    geckodriver.exe [FLAGS] [OPTIONS]

For more information try --help

C:\Users\Gustavo Nascimento\geckodriver\geckodriver.exe: error: Found argument '--websocket-port' which wasn't expected, or isn't valid in this context

USAGE:
    geckodriver.exe [FLAGS] [OPTIONS]

For more information try --help

C://Users//Gustavo Nascimento//geckodriver//geckodriver.exe: error: Found argument '--websocket-port' which wasn't expected, or isn't valid in this context

USAGE:
    geckodriver.exe [FLAGS] [OPTIONS]

For more information try --help

C:/Users/Gustavo Nascimento/geckodriver/geckodriver.exe: error: Found argument '--websocket-port' which wasn't expected, or isn't valid in this context

USAGE:
    geckodriver.exe [FLAGS] [OPTIONS]

For more information try --help

C:\Users\Gustavo Nascimento\AppData\Local\Programs\Python\Python39\geckodriver.exe: error: Found argument '--websocket-port' which wasn't expected, or isn't valid in this context

USAGE:
    geckodriver.exe [FLAGS] [OPTIONS]

For more information try --help

C:\Users\Gustavo Nascimento\AppData\Local\Programs\Python\Python39\geckodriver.exe: error: Found argument '--websocket-port' which wasn't expected, or isn't valid in this context

USAGE:
    geckodriver.exe [FLAGS] [OPTIONS]

For more information try --help

C:\Users\Gustavo Nascimento\AppData\Local\Programs\Python\Python39\geckodriver.exe: error: Found argument '--websocket-port' which wasn't expected, or isn't valid in this context

USAGE:
    geckodriver.exe [FLAGS] [OPTIONS]

For more information try --help

C:\Users\Gustavo Nascimento\Downloads\geckodriver\geckodriver.exe: error: Found argument '--websocket-port' which wasn't expected, or isn't valid in this context

USAGE:
    geckodriver.exe [FLAGS] [OPTIONS]

For more information try --help

1635959600441	geckodriver	INFO	Listening on 127.0.0.1:2383
1635959603477	mozrunner::runner	INFO	Running command: "C:\\Program Files\\Mozilla Firefox\\firefox.exe" "--marionette" "--remote-debugging-port" "2384" "-no-remote" "-profile" "C:\\Users\\GUSTAV~1\\AppData\\Local\\Temp\\rust_mozprofiles8MsVt"
1635959603755	Marionette	INFO	Marionette enabled
console.warn: SearchSettings: "get: No settings file exists, new profile?" (new NotFoundError("Could not open the file at C:\\Users\\Gustavo Nascimento\\AppData\\Local\\Temp\\rust_mozprofiles8MsVt\\search.json.mozlz4", (void 0)))
DevTools listening on ws://localhost:2384/devtools/browser/e8d645de-e428-4567-be90-6c306b180104
1635959605593	Marionette	INFO	Listening on port 2389
1635959605632	RemoteAgent	WARN	TLS certificate errors will be ignored for this session
1635959612175	Marionette	INFO	Stopped listening on port 2389
console.warn: TopSitesFeed: Failed to fetch data from Contile server: NetworkError when attempting to fetch resource.

###!!! [Child][RunMessage] Error: Channel closing: too late to send/recv, messages will be lost


###!!! [Child][MessageChannel] Error: (msgtype=0x590004,name=PHttpChannel::Msg_Cancel) Channel closing: too late to send/recv, messages will be lost


###!!! [Child][MessageChannel] Error: (msgtype=0x590008,name=PHttpChannel::Msg_DeletingChannel) Channel closing: too late to send/recv, messages will be lost

